#! /usr/bin/vvp
:ivl_version "10.3 (stable)";
:ivl_delay_selection "TYPICAL";
:vpi_time_precision - 9;
:vpi_module "system";
:vpi_module "vhdl_sys";
:vpi_module "v2005_math";
:vpi_module "va_math";
S_0x55de52efe3f0 .scope module, "pipeAcc16" "pipeAcc16" 2 5;
 .timescale -9 -9;
    .port_info 0 /INPUT 1 "clk1"
    .port_info 1 /INPUT 1 "clk2"
    .port_info 2 /INPUT 1 "rst"
P_0x55de52efef90 .param/l "l_ins" 0 2 12, +C4<00000000000000000000000110010001>;
P_0x55de52efefd0 .param/l "l_tot" 0 2 12, +C4<00000000000000000000010000000000>;
v0x55de52f364a0_0 .var "Acc", 15 0;
v0x55de52f36580_0 .net "EX_MEM_ALUOut", 15 0, v0x55de52f35ca0_0;  1 drivers
v0x55de52f36620_0 .var "HLT", 0 0;
v0x55de52f366c0_0 .var "ID_EX_A", 15 0;
v0x55de52f36790_0 .var "ID_EX_IR", 15 0;
v0x55de52f36850_0 .var "IF_ID_IR", 15 0;
v0x55de52f36930_0 .var "PC", 15 0;
v0x55de52f36a10_0 .var "TAKEN_BRANCH", 0 0;
v0x55de52f36ad0_0 .var "cb_EX", 5 0;
v0x55de52f36bb0_0 .var "cb_ID", 5 0;
o0x7fbf2ea1bc78 .functor BUFZ 1, C4<z>; HiZ drive
v0x55de52f36c90_0 .net "clk1", 0 0, o0x7fbf2ea1bc78;  0 drivers
o0x7fbf2ea1bca8 .functor BUFZ 1, C4<z>; HiZ drive
v0x55de52f36d50_0 .net "clk2", 0 0, o0x7fbf2ea1bca8;  0 drivers
v0x55de52f36e10_0 .net "cond", 1 0, L_0x55de52f3a6c0;  1 drivers
v0x55de52f36ef0 .array "data_mem", 0 622, 15 0;
v0x55de52f36fb0_0 .var/i "data_ptr", 31 0;
v0x55de52f37090 .array "ins_mem", 0 400, 15 0;
o0x7fbf2ea1bd38 .functor BUFZ 1, C4<z>; HiZ drive
v0x55de52f37150_0 .net "rst", 0 0, o0x7fbf2ea1bd38;  0 drivers
E_0x55de52f035a0 .event posedge, v0x55de52f36d50_0;
E_0x55de52f02710 .event posedge, v0x55de52f36c90_0;
L_0x55de52f3a1f0 .part v0x55de52f36bb0_0, 5, 1;
L_0x55de52f3a290 .part v0x55de52f36bb0_0, 4, 1;
L_0x55de52f3a380 .part v0x55de52f36bb0_0, 3, 1;
L_0x55de52f3a420 .part v0x55de52f36bb0_0, 2, 1;
L_0x55de52f3a4f0 .part v0x55de52f36bb0_0, 1, 1;
L_0x55de52f3a590 .part v0x55de52f36bb0_0, 0, 1;
L_0x55de52f3a6c0 .concat8 [ 1 1 0 0], v0x55de52f36100_0, v0x55de52f359a0_0;
S_0x55de52efd5d0 .scope module, "func" "CalC" 2 37, 3 3 0, S_0x55de52efe3f0;
 .timescale -9 -9;
    .port_info 0 /INPUT 16 "x"
    .port_info 1 /INPUT 16 "y"
    .port_info 2 /INPUT 1 "zx"
    .port_info 3 /INPUT 1 "nx"
    .port_info 4 /INPUT 1 "zy"
    .port_info 5 /INPUT 1 "ny"
    .port_info 6 /INPUT 1 "f"
    .port_info 7 /INPUT 1 "no"
    .port_info 8 /OUTPUT 1 "ng"
    .port_info 9 /OUTPUT 1 "zr"
    .port_info 10 /OUTPUT 16 "o"
L_0x55de52f08150 .functor NOT 16, v0x55de52f364a0_0, C4<0000000000000000>, C4<0000000000000000>, C4<0000000000000000>;
L_0x55de52f082d0 .functor AND 16, L_0x55de52f08150, L_0x55de52f37290, C4<1111111111111111>, C4<1111111111111111>;
L_0x55de52f37720 .functor AND 1, L_0x55de52f3a290, L_0x55de52f3a1f0, C4<1>, C4<1>;
L_0x55de52f37b50 .functor OR 16, L_0x55de52f082d0, L_0x55de52f37790, C4<0000000000000000>, C4<0000000000000000>;
L_0x55de52f37c40 .functor NOT 1, L_0x55de52f3a290, C4<0>, C4<0>, C4<0>;
L_0x55de52f37cb0 .functor NOT 1, L_0x55de52f3a1f0, C4<0>, C4<0>, C4<0>;
L_0x55de52f37db0 .functor AND 1, L_0x55de52f37c40, L_0x55de52f37cb0, C4<1>, C4<1>;
L_0x55de52f38250 .functor AND 16, L_0x55de52f37ec0, v0x55de52f364a0_0, C4<1111111111111111>, C4<1111111111111111>;
L_0x55de52f38310 .functor OR 16, L_0x55de52f37b50, L_0x55de52f38250, C4<0000000000000000>, C4<0000000000000000>;
L_0x55de52f38420 .functor NOT 16, v0x55de52f366c0_0, C4<0000000000000000>, C4<0000000000000000>, C4<0000000000000000>;
L_0x55de52f388b0 .functor AND 16, L_0x55de52f38420, L_0x55de52f38540, C4<1111111111111111>, C4<1111111111111111>;
L_0x55de52f38970 .functor AND 1, L_0x55de52f3a420, L_0x55de52f3a380, C4<1>, C4<1>;
L_0x55de52f38de0 .functor OR 16, L_0x55de52f388b0, L_0x55de52f38a50, C4<0000000000000000>, C4<0000000000000000>;
L_0x55de52f38ea0 .functor NOT 1, L_0x55de52f3a420, C4<0>, C4<0>, C4<0>;
L_0x55de52f389e0 .functor NOT 1, L_0x55de52f3a380, C4<0>, C4<0>, C4<0>;
L_0x55de52f38fe0 .functor AND 1, L_0x55de52f38ea0, L_0x55de52f389e0, C4<1>, C4<1>;
L_0x55de52f39550 .functor AND 16, L_0x55de52f39180, v0x55de52f366c0_0, C4<1111111111111111>, C4<1111111111111111>;
L_0x55de52f395c0 .functor OR 16, L_0x55de52f38de0, L_0x55de52f39550, C4<0000000000000000>, C4<0000000000000000>;
L_0x55de52f39ae0 .functor AND 17, L_0x55de52f39bf0, L_0x55de52f39cf0, C4<11111111111111111>, C4<11111111111111111>;
L_0x55de52f3a030 .functor NOT 17, L_0x55de52f39e80, C4<00000000000000000>, C4<00000000000000000>, C4<00000000000000000>;
v0x55de52efe230_0 .net *"_s0", 15 0, L_0x55de52f08150;  1 drivers
v0x55de52efe580_0 .net *"_s10", 15 0, L_0x55de52f37b50;  1 drivers
v0x55de52f339c0_0 .net *"_s12", 0 0, L_0x55de52f37c40;  1 drivers
v0x55de52f33a80_0 .net *"_s14", 0 0, L_0x55de52f37cb0;  1 drivers
v0x55de52f33b60_0 .net *"_s16", 0 0, L_0x55de52f37db0;  1 drivers
v0x55de52f33c90_0 .net *"_s18", 15 0, L_0x55de52f37ec0;  1 drivers
v0x55de52f33d70_0 .net *"_s2", 15 0, L_0x55de52f37290;  1 drivers
v0x55de52f33e50_0 .net *"_s20", 15 0, L_0x55de52f38250;  1 drivers
v0x55de52f33f30_0 .net *"_s24", 15 0, L_0x55de52f38420;  1 drivers
v0x55de52f34010_0 .net *"_s26", 15 0, L_0x55de52f38540;  1 drivers
v0x55de52f340f0_0 .net *"_s28", 15 0, L_0x55de52f388b0;  1 drivers
v0x55de52f341d0_0 .net *"_s30", 0 0, L_0x55de52f38970;  1 drivers
v0x55de52f342b0_0 .net *"_s32", 15 0, L_0x55de52f38a50;  1 drivers
v0x55de52f34390_0 .net *"_s34", 15 0, L_0x55de52f38de0;  1 drivers
v0x55de52f34470_0 .net *"_s36", 0 0, L_0x55de52f38ea0;  1 drivers
v0x55de52f34550_0 .net *"_s38", 0 0, L_0x55de52f389e0;  1 drivers
v0x55de52f34630_0 .net *"_s4", 15 0, L_0x55de52f082d0;  1 drivers
v0x55de52f34710_0 .net *"_s40", 0 0, L_0x55de52f38fe0;  1 drivers
v0x55de52f347f0_0 .net *"_s42", 15 0, L_0x55de52f39180;  1 drivers
v0x55de52f348d0_0 .net *"_s44", 15 0, L_0x55de52f39550;  1 drivers
v0x55de52f349b0_0 .net *"_s48", 16 0, L_0x55de52f39770;  1 drivers
L_0x7fbf2e9d2018 .functor BUFT 1, C4<0>, C4<0>, C4<0>, C4<0>;
v0x55de52f34a90_0 .net *"_s51", 0 0, L_0x7fbf2e9d2018;  1 drivers
v0x55de52f34b70_0 .net *"_s52", 16 0, L_0x55de52f398b0;  1 drivers
L_0x7fbf2e9d2060 .functor BUFT 1, C4<0>, C4<0>, C4<0>, C4<0>;
v0x55de52f34c50_0 .net *"_s55", 0 0, L_0x7fbf2e9d2060;  1 drivers
v0x55de52f34d30_0 .net *"_s56", 16 0, L_0x55de52f39a40;  1 drivers
v0x55de52f34e10_0 .net *"_s58", 16 0, L_0x55de52f39bf0;  1 drivers
v0x55de52f34ef0_0 .net *"_s6", 0 0, L_0x55de52f37720;  1 drivers
L_0x7fbf2e9d20a8 .functor BUFT 1, C4<0>, C4<0>, C4<0>, C4<0>;
v0x55de52f34fd0_0 .net *"_s61", 0 0, L_0x7fbf2e9d20a8;  1 drivers
v0x55de52f350b0_0 .net *"_s62", 16 0, L_0x55de52f39cf0;  1 drivers
L_0x7fbf2e9d20f0 .functor BUFT 1, C4<0>, C4<0>, C4<0>, C4<0>;
v0x55de52f35190_0 .net *"_s65", 0 0, L_0x7fbf2e9d20f0;  1 drivers
v0x55de52f35270_0 .net *"_s66", 16 0, L_0x55de52f39ae0;  1 drivers
v0x55de52f35350_0 .net *"_s70", 16 0, L_0x55de52f3a030;  1 drivers
v0x55de52f35430_0 .net *"_s8", 15 0, L_0x55de52f37790;  1 drivers
v0x55de52f35720_0 .net "f", 0 0, L_0x55de52f3a4f0;  1 drivers
v0x55de52f357e0_0 .net "f1", 16 0, L_0x55de52f39e80;  1 drivers
v0x55de52f358c0_0 .net "f2", 16 0, L_0x55de52f396d0;  1 drivers
v0x55de52f359a0_0 .var "ng", 0 0;
v0x55de52f35a60_0 .net "no", 0 0, L_0x55de52f3a590;  1 drivers
v0x55de52f35b20_0 .net "nx", 0 0, L_0x55de52f3a290;  1 drivers
v0x55de52f35be0_0 .net "ny", 0 0, L_0x55de52f3a420;  1 drivers
v0x55de52f35ca0_0 .var "o", 15 0;
v0x55de52f35d80_0 .net "x", 15 0, v0x55de52f364a0_0;  1 drivers
v0x55de52f35e60_0 .net "x1", 15 0, L_0x55de52f38310;  1 drivers
v0x55de52f35f40_0 .net "y", 15 0, v0x55de52f366c0_0;  1 drivers
v0x55de52f36020_0 .net "y1", 15 0, L_0x55de52f395c0;  1 drivers
v0x55de52f36100_0 .var "zr", 0 0;
v0x55de52f361c0_0 .net "zx", 0 0, L_0x55de52f3a1f0;  1 drivers
v0x55de52f36280_0 .net "zy", 0 0, L_0x55de52f3a380;  1 drivers
E_0x55de52f02b70 .event edge, v0x55de52f358c0_0;
LS_0x55de52f37290_0_0 .concat [ 1 1 1 1], L_0x55de52f3a290, L_0x55de52f3a290, L_0x55de52f3a290, L_0x55de52f3a290;
LS_0x55de52f37290_0_4 .concat [ 1 1 1 1], L_0x55de52f3a290, L_0x55de52f3a290, L_0x55de52f3a290, L_0x55de52f3a290;
LS_0x55de52f37290_0_8 .concat [ 1 1 1 1], L_0x55de52f3a290, L_0x55de52f3a290, L_0x55de52f3a290, L_0x55de52f3a290;
LS_0x55de52f37290_0_12 .concat [ 1 1 1 1], L_0x55de52f3a290, L_0x55de52f3a290, L_0x55de52f3a290, L_0x55de52f3a290;
L_0x55de52f37290 .concat [ 4 4 4 4], LS_0x55de52f37290_0_0, LS_0x55de52f37290_0_4, LS_0x55de52f37290_0_8, LS_0x55de52f37290_0_12;
LS_0x55de52f37790_0_0 .concat [ 1 1 1 1], L_0x55de52f37720, L_0x55de52f37720, L_0x55de52f37720, L_0x55de52f37720;
LS_0x55de52f37790_0_4 .concat [ 1 1 1 1], L_0x55de52f37720, L_0x55de52f37720, L_0x55de52f37720, L_0x55de52f37720;
LS_0x55de52f37790_0_8 .concat [ 1 1 1 1], L_0x55de52f37720, L_0x55de52f37720, L_0x55de52f37720, L_0x55de52f37720;
LS_0x55de52f37790_0_12 .concat [ 1 1 1 1], L_0x55de52f37720, L_0x55de52f37720, L_0x55de52f37720, L_0x55de52f37720;
L_0x55de52f37790 .concat [ 4 4 4 4], LS_0x55de52f37790_0_0, LS_0x55de52f37790_0_4, LS_0x55de52f37790_0_8, LS_0x55de52f37790_0_12;
LS_0x55de52f37ec0_0_0 .concat [ 1 1 1 1], L_0x55de52f37db0, L_0x55de52f37db0, L_0x55de52f37db0, L_0x55de52f37db0;
LS_0x55de52f37ec0_0_4 .concat [ 1 1 1 1], L_0x55de52f37db0, L_0x55de52f37db0, L_0x55de52f37db0, L_0x55de52f37db0;
LS_0x55de52f37ec0_0_8 .concat [ 1 1 1 1], L_0x55de52f37db0, L_0x55de52f37db0, L_0x55de52f37db0, L_0x55de52f37db0;
LS_0x55de52f37ec0_0_12 .concat [ 1 1 1 1], L_0x55de52f37db0, L_0x55de52f37db0, L_0x55de52f37db0, L_0x55de52f37db0;
L_0x55de52f37ec0 .concat [ 4 4 4 4], LS_0x55de52f37ec0_0_0, LS_0x55de52f37ec0_0_4, LS_0x55de52f37ec0_0_8, LS_0x55de52f37ec0_0_12;
LS_0x55de52f38540_0_0 .concat [ 1 1 1 1], L_0x55de52f3a420, L_0x55de52f3a420, L_0x55de52f3a420, L_0x55de52f3a420;
LS_0x55de52f38540_0_4 .concat [ 1 1 1 1], L_0x55de52f3a420, L_0x55de52f3a420, L_0x55de52f3a420, L_0x55de52f3a420;
LS_0x55de52f38540_0_8 .concat [ 1 1 1 1], L_0x55de52f3a420, L_0x55de52f3a420, L_0x55de52f3a420, L_0x55de52f3a420;
LS_0x55de52f38540_0_12 .concat [ 1 1 1 1], L_0x55de52f3a420, L_0x55de52f3a420, L_0x55de52f3a420, L_0x55de52f3a420;
L_0x55de52f38540 .concat [ 4 4 4 4], LS_0x55de52f38540_0_0, LS_0x55de52f38540_0_4, LS_0x55de52f38540_0_8, LS_0x55de52f38540_0_12;
LS_0x55de52f38a50_0_0 .concat [ 1 1 1 1], L_0x55de52f38970, L_0x55de52f38970, L_0x55de52f38970, L_0x55de52f38970;
LS_0x55de52f38a50_0_4 .concat [ 1 1 1 1], L_0x55de52f38970, L_0x55de52f38970, L_0x55de52f38970, L_0x55de52f38970;
LS_0x55de52f38a50_0_8 .concat [ 1 1 1 1], L_0x55de52f38970, L_0x55de52f38970, L_0x55de52f38970, L_0x55de52f38970;
LS_0x55de52f38a50_0_12 .concat [ 1 1 1 1], L_0x55de52f38970, L_0x55de52f38970, L_0x55de52f38970, L_0x55de52f38970;
L_0x55de52f38a50 .concat [ 4 4 4 4], LS_0x55de52f38a50_0_0, LS_0x55de52f38a50_0_4, LS_0x55de52f38a50_0_8, LS_0x55de52f38a50_0_12;
LS_0x55de52f39180_0_0 .concat [ 1 1 1 1], L_0x55de52f38fe0, L_0x55de52f38fe0, L_0x55de52f38fe0, L_0x55de52f38fe0;
LS_0x55de52f39180_0_4 .concat [ 1 1 1 1], L_0x55de52f38fe0, L_0x55de52f38fe0, L_0x55de52f38fe0, L_0x55de52f38fe0;
LS_0x55de52f39180_0_8 .concat [ 1 1 1 1], L_0x55de52f38fe0, L_0x55de52f38fe0, L_0x55de52f38fe0, L_0x55de52f38fe0;
LS_0x55de52f39180_0_12 .concat [ 1 1 1 1], L_0x55de52f38fe0, L_0x55de52f38fe0, L_0x55de52f38fe0, L_0x55de52f38fe0;
L_0x55de52f39180 .concat [ 4 4 4 4], LS_0x55de52f39180_0_0, LS_0x55de52f39180_0_4, LS_0x55de52f39180_0_8, LS_0x55de52f39180_0_12;
L_0x55de52f39770 .concat [ 16 1 0 0], L_0x55de52f38310, L_0x7fbf2e9d2018;
L_0x55de52f398b0 .concat [ 16 1 0 0], L_0x55de52f395c0, L_0x7fbf2e9d2060;
L_0x55de52f39a40 .arith/sum 17, L_0x55de52f39770, L_0x55de52f398b0;
L_0x55de52f39bf0 .concat [ 16 1 0 0], L_0x55de52f38310, L_0x7fbf2e9d20a8;
L_0x55de52f39cf0 .concat [ 16 1 0 0], L_0x55de52f395c0, L_0x7fbf2e9d20f0;
L_0x55de52f39e80 .functor MUXZ 17, L_0x55de52f39ae0, L_0x55de52f39a40, L_0x55de52f3a4f0, C4<>;
L_0x55de52f396d0 .functor MUXZ 17, L_0x55de52f39e80, L_0x55de52f3a030, L_0x55de52f3a590, C4<>;
    .scope S_0x55de52efd5d0;
T_0 ;
    %wait E_0x55de52f02b70;
    %load/vec4 v0x55de52f358c0_0;
    %parti/s 1, 16, 6;
    %assign/vec4 v0x55de52f359a0_0, 0;
    %load/vec4 v0x55de52f358c0_0;
    %pushi/vec4 0, 0, 17;
    %cmp/e;
    %flag_get/vec4 4;
    %assign/vec4 v0x55de52f36100_0, 0;
    %load/vec4 v0x55de52f358c0_0;
    %parti/s 16, 0, 2;
    %assign/vec4 v0x55de52f35ca0_0, 0;
    %jmp T_0;
    .thread T_0, $push;
    .scope S_0x55de52efe3f0;
T_1 ;
    %wait E_0x55de52f02710;
    %load/vec4 v0x55de52f36fb0_0;
    %addi 1, 0, 32;
    %assign/vec4 v0x55de52f36fb0_0, 0;
    %load/vec4 v0x55de52f36620_0;
    %inv;
    %flag_set/vec4 8;
    %jmp/0xz  T_1.0, 8;
    %ix/getv 4, v0x55de52f36930_0;
    %load/vec4a v0x55de52f37090, 4;
    %assign/vec4 v0x55de52f36850_0, 0;
    %load/vec4 v0x55de52f36a10_0;
    %pad/u 32;
    %cmpi/e 1, 0, 32;
    %jmp/0xz  T_1.2, 4;
    %load/vec4 v0x55de52f36790_0;
    %parti/s 1, 15, 5;
    %inv;
    %flag_set/vec4 8;
    %jmp/0xz  T_1.4, 8;
    %load/vec4 v0x55de52f36790_0;
    %parti/s 10, 0, 2;
    %pad/u 16;
    %assign/vec4 v0x55de52f36930_0, 0;
    %jmp T_1.5;
T_1.4 ;
    %load/vec4 v0x55de52f36790_0;
    %parti/s 10, 0, 2;
    %ix/vec4 4;
    %load/vec4a v0x55de52f37090, 4;
    %assign/vec4 v0x55de52f36930_0, 0;
T_1.5 ;
    %jmp T_1.3;
T_1.2 ;
    %load/vec4 v0x55de52f36930_0;
    %addi 1, 0, 16;
    %assign/vec4 v0x55de52f36930_0, 0;
T_1.3 ;
T_1.0 ;
    %jmp T_1;
    .thread T_1;
    .scope S_0x55de52efe3f0;
T_2 ;
    %wait E_0x55de52f035a0;
    %load/vec4 v0x55de52f36620_0;
    %inv;
    %flag_set/vec4 8;
    %jmp/0xz  T_2.0, 8;
    %load/vec4 v0x55de52f36850_0;
    %assign/vec4 v0x55de52f36790_0, 0;
    %load/vec4 v0x55de52f36790_0;
    %parti/s 1, 15, 5;
    %inv;
    %flag_set/vec4 8;
    %jmp/0xz  T_2.2, 8;
    %load/vec4 v0x55de52f36790_0;
    %parti/s 10, 0, 2;
    %pad/u 11;
    %ix/vec4 4;
    %load/vec4a v0x55de52f36ef0, 4;
    %assign/vec4 v0x55de52f366c0_0, 0;
    %jmp T_2.3;
T_2.2 ;
    %load/vec4 v0x55de52f36790_0;
    %parti/s 10, 0, 2;
    %pad/u 11;
    %ix/vec4 5;
    %load/vec4a v0x55de52f36ef0, 5;
    %ix/vec4 4;
    %load/vec4a v0x55de52f36ef0, 4;
    %assign/vec4 v0x55de52f366c0_0, 0;
T_2.3 ;
    %load/vec4 v0x55de52f36850_0;
    %parti/s 5, 10, 5;
    %dup/vec4;
    %pushi/vec4 0, 0, 5;
    %cmp/u;
    %jmp/1 T_2.4, 6;
    %dup/vec4;
    %pushi/vec4 1, 0, 5;
    %cmp/u;
    %jmp/1 T_2.5, 6;
    %dup/vec4;
    %pushi/vec4 2, 0, 5;
    %cmp/u;
    %jmp/1 T_2.6, 6;
    %dup/vec4;
    %pushi/vec4 3, 0, 5;
    %cmp/u;
    %jmp/1 T_2.7, 6;
    %dup/vec4;
    %pushi/vec4 4, 0, 5;
    %cmp/u;
    %jmp/1 T_2.8, 6;
    %dup/vec4;
    %pushi/vec4 5, 0, 5;
    %cmp/u;
    %jmp/1 T_2.9, 6;
    %dup/vec4;
    %pushi/vec4 6, 0, 5;
    %cmp/u;
    %jmp/1 T_2.10, 6;
    %dup/vec4;
    %pushi/vec4 7, 0, 5;
    %cmp/u;
    %jmp/1 T_2.11, 6;
    %dup/vec4;
    %pushi/vec4 8, 0, 5;
    %cmp/u;
    %jmp/1 T_2.12, 6;
    %dup/vec4;
    %pushi/vec4 9, 0, 5;
    %cmp/u;
    %jmp/1 T_2.13, 6;
    %dup/vec4;
    %pushi/vec4 10, 0, 5;
    %cmp/u;
    %jmp/1 T_2.14, 6;
    %dup/vec4;
    %pushi/vec4 11, 0, 5;
    %cmp/u;
    %jmp/1 T_2.15, 6;
    %dup/vec4;
    %pushi/vec4 12, 0, 5;
    %cmp/u;
    %jmp/1 T_2.16, 6;
    %dup/vec4;
    %pushi/vec4 13, 0, 5;
    %cmp/u;
    %jmp/1 T_2.17, 6;
    %dup/vec4;
    %pushi/vec4 14, 0, 5;
    %cmp/u;
    %jmp/1 T_2.18, 6;
    %dup/vec4;
    %pushi/vec4 15, 0, 5;
    %cmp/u;
    %jmp/1 T_2.19, 6;
    %dup/vec4;
    %pushi/vec4 16, 0, 5;
    %cmp/u;
    %jmp/1 T_2.20, 6;
    %dup/vec4;
    %pushi/vec4 17, 0, 5;
    %cmp/u;
    %jmp/1 T_2.21, 6;
    %dup/vec4;
    %pushi/vec4 18, 0, 5;
    %cmp/u;
    %jmp/1 T_2.22, 6;
    %dup/vec4;
    %pushi/vec4 20, 0, 5;
    %cmp/u;
    %jmp/1 T_2.23, 6;
    %pushi/vec4 48, 0, 6;
    %assign/vec4 v0x55de52f36bb0_0, 0;
    %jmp T_2.25;
T_2.4 ;
    %pushi/vec4 42, 0, 6;
    %assign/vec4 v0x55de52f36bb0_0, 0;
    %jmp T_2.25;
T_2.5 ;
    %pushi/vec4 63, 0, 6;
    %assign/vec4 v0x55de52f36bb0_0, 0;
    %jmp T_2.25;
T_2.6 ;
    %pushi/vec4 58, 0, 6;
    %assign/vec4 v0x55de52f36bb0_0, 0;
    %jmp T_2.25;
T_2.7 ;
    %pushi/vec4 12, 0, 6;
    %assign/vec4 v0x55de52f36bb0_0, 0;
    %jmp T_2.25;
T_2.8 ;
    %pushi/vec4 48, 0, 6;
    %assign/vec4 v0x55de52f36bb0_0, 0;
    %jmp T_2.25;
T_2.9 ;
    %pushi/vec4 13, 0, 6;
    %assign/vec4 v0x55de52f36bb0_0, 0;
    %jmp T_2.25;
T_2.10 ;
    %pushi/vec4 49, 0, 6;
    %assign/vec4 v0x55de52f36bb0_0, 0;
    %jmp T_2.25;
T_2.11 ;
    %pushi/vec4 15, 0, 6;
    %assign/vec4 v0x55de52f36bb0_0, 0;
    %jmp T_2.25;
T_2.12 ;
    %pushi/vec4 51, 0, 6;
    %assign/vec4 v0x55de52f36bb0_0, 0;
    %jmp T_2.25;
T_2.13 ;
    %pushi/vec4 31, 0, 6;
    %assign/vec4 v0x55de52f36bb0_0, 0;
    %jmp T_2.25;
T_2.14 ;
    %pushi/vec4 55, 0, 6;
    %assign/vec4 v0x55de52f36bb0_0, 0;
    %jmp T_2.25;
T_2.15 ;
    %pushi/vec4 14, 0, 6;
    %assign/vec4 v0x55de52f36bb0_0, 0;
    %jmp T_2.25;
T_2.16 ;
    %pushi/vec4 50, 0, 6;
    %assign/vec4 v0x55de52f36bb0_0, 0;
    %jmp T_2.25;
T_2.17 ;
    %pushi/vec4 2, 0, 6;
    %assign/vec4 v0x55de52f36bb0_0, 0;
    %jmp T_2.25;
T_2.18 ;
    %pushi/vec4 19, 0, 6;
    %assign/vec4 v0x55de52f36bb0_0, 0;
    %jmp T_2.25;
T_2.19 ;
    %pushi/vec4 7, 0, 6;
    %assign/vec4 v0x55de52f36bb0_0, 0;
    %jmp T_2.25;
T_2.20 ;
    %pushi/vec4 0, 0, 6;
    %assign/vec4 v0x55de52f36bb0_0, 0;
    %jmp T_2.25;
T_2.21 ;
    %pushi/vec4 21, 0, 6;
    %assign/vec4 v0x55de52f36bb0_0, 0;
    %jmp T_2.25;
T_2.22 ;
    %pushi/vec4 48, 0, 6;
    %assign/vec4 v0x55de52f36bb0_0, 0;
    %jmp T_2.25;
T_2.23 ;
    %pushi/vec4 1, 0, 1;
    %assign/vec4 v0x55de52f36a10_0, 0;
    %jmp T_2.25;
T_2.25 ;
    %pop/vec4 1;
T_2.0 ;
    %jmp T_2;
    .thread T_2;
    .scope S_0x55de52efe3f0;
T_3 ;
    %wait E_0x55de52f02710;
    %load/vec4 v0x55de52f36620_0;
    %inv;
    %load/vec4 v0x55de52f36a10_0;
    %inv;
    %and;
    %flag_set/vec4 8;
    %jmp/0xz  T_3.0, 8;
    %load/vec4 v0x55de52f36bb0_0;
    %assign/vec4 v0x55de52f36ad0_0, 0;
    %pushi/vec4 0, 0, 1;
    %assign/vec4 v0x55de52f36a10_0, 0;
T_3.0 ;
    %jmp T_3;
    .thread T_3;
    .scope S_0x55de52efe3f0;
T_4 ;
    %wait E_0x55de52f035a0;
    %load/vec4 v0x55de52f36620_0;
    %inv;
    %flag_set/vec4 8;
    %jmp/0xz  T_4.0, 8;
    %delay 1, 0;
    %load/vec4 v0x55de52f36580_0;
    %assign/vec4 v0x55de52f364a0_0, 0;
T_4.0 ;
    %jmp T_4;
    .thread T_4;
# The file index is used to find the file name in the following table.
:file_names 4;
    "N/A";
    "<interactive>";
    "Processor.v";
    "./CalC.v";
